{"C:\\Users\\jhont\\Desktop\\portfolio-hacker\\src\\components\\Footer.js": {"path":"C:\\Users\\jhont\\Desktop\\portfolio-hacker\\src\\components\\Footer.js","statementMap":{},"fnMap":{},"branchMap":{},"s":{},"f":{},"b":{}}
,"C:\\Users\\jhont\\Desktop\\portfolio-hacker\\src\\components\\HackerCard.js": {"path":"C:\\Users\\jhont\\Desktop\\portfolio-hacker\\src\\components\\HackerCard.js","statementMap":{},"fnMap":{},"branchMap":{},"s":{},"f":{},"b":{}}
,"C:\\Users\\jhont\\Desktop\\portfolio-hacker\\src\\components\\Header.js": {"path":"C:\\Users\\jhont\\Desktop\\portfolio-hacker\\src\\components\\Header.js","statementMap":{"0":{"start":{"line":3,"column":15},"end":{"line":9,"column":1}},"1":{"start":{"line":4,"column":2},"end":{"line":8,"column":4}}},"fnMap":{"0":{"name":"(anonymous_0)","decl":{"start":{"line":3,"column":15},"end":{"line":3,"column":16}},"loc":{"start":{"line":3,"column":21},"end":{"line":9,"column":1}},"line":3}},"branchMap":{},"s":{"0":1,"1":1},"f":{"0":1},"b":{},"_coverageSchema":"1a1c01bbd47fc00a2c39e90264f33305004495a9","hash":"a541400b4672476f442d64f5c70fd585198cdea4"}
,"C:\\Users\\jhont\\Desktop\\portfolio-hacker\\src\\components\\MatrixRain.js": {"path":"C:\\Users\\jhont\\Desktop\\portfolio-hacker\\src\\components\\MatrixRain.js","statementMap":{"0":{"start":{"line":3,"column":19},"end":{"line":75,"column":1}},"1":{"start":{"line":4,"column":20},"end":{"line":4,"column":32}},"2":{"start":{"line":5,"column":23},"end":{"line":5,"column":35}},"3":{"start":{"line":7,"column":2},"end":{"line":59,"column":9}},"4":{"start":{"line":8,"column":19},"end":{"line":8,"column":36}},"5":{"start":{"line":9,"column":16},"end":{"line":9,"column":39}},"6":{"start":{"line":11,"column":16},"end":{"line":11,"column":33}},"7":{"start":{"line":12,"column":17},"end":{"line":12,"column":35}},"8":{"start":{"line":13,"column":4},"end":{"line":13,"column":25}},"9":{"start":{"line":14,"column":4},"end":{"line":14,"column":27}},"10":{"start":{"line":16,"column":20},"end":{"line":16,"column":140}},"11":{"start":{"line":17,"column":21},"end":{"line":17,"column":23}},"12":{"start":{"line":18,"column":20},"end":{"line":18,"column":48}},"13":{"start":{"line":19,"column":18},"end":{"line":19,"column":44}},"14":{"start":{"line":21,"column":17},"end":{"line":37,"column":5}},"15":{"start":{"line":22,"column":6},"end":{"line":22,"column":44}},"16":{"start":{"line":23,"column":6},"end":{"line":23,"column":40}},"17":{"start":{"line":25,"column":6},"end":{"line":25,"column":29}},"18":{"start":{"line":26,"column":6},"end":{"line":26,"column":43}},"19":{"start":{"line":28,"column":6},"end":{"line":36,"column":7}},"20":{"start":{"line":28,"column":19},"end":{"line":28,"column":20}},"21":{"start":{"line":29,"column":21},"end":{"line":29,"column":79}},"22":{"start":{"line":30,"column":8},"end":{"line":30,"column":62}},"23":{"start":{"line":32,"column":8},"end":{"line":34,"column":9}},"24":{"start":{"line":33,"column":10},"end":{"line":33,"column":23}},"25":{"start":{"line":35,"column":8},"end":{"line":35,"column":19}},"26":{"start":{"line":39,"column":20},"end":{"line":42,"column":5}},"27":{"start":{"line":40,"column":6},"end":{"line":40,"column":13}},"28":{"start":{"line":41,"column":6},"end":{"line":41,"column":60}},"29":{"start":{"line":44,"column":4},"end":{"line":44,"column":14}},"30":{"start":{"line":46,"column":25},"end":{"line":51,"column":5}},"31":{"start":{"line":47,"column":6},"end":{"line":47,"column":32}},"32":{"start":{"line":48,"column":6},"end":{"line":48,"column":34}},"33":{"start":{"line":49,"column":6},"end":{"line":49,"column":27}},"34":{"start":{"line":50,"column":6},"end":{"line":50,"column":29}},"35":{"start":{"line":53,"column":4},"end":{"line":53,"column":52}},"36":{"start":{"line":55,"column":4},"end":{"line":58,"column":6}},"37":{"start":{"line":56,"column":6},"end":{"line":56,"column":49}},"38":{"start":{"line":57,"column":6},"end":{"line":57,"column":57}},"39":{"start":{"line":61,"column":2},"end":{"line":74,"column":4}}},"fnMap":{"0":{"name":"(anonymous_0)","decl":{"start":{"line":3,"column":19},"end":{"line":3,"column":20}},"loc":{"start":{"line":3,"column":25},"end":{"line":75,"column":1}},"line":3},"1":{"name":"(anonymous_1)","decl":{"start":{"line":7,"column":12},"end":{"line":7,"column":13}},"loc":{"start":{"line":7,"column":18},"end":{"line":59,"column":3}},"line":7},"2":{"name":"(anonymous_2)","decl":{"start":{"line":21,"column":17},"end":{"line":21,"column":18}},"loc":{"start":{"line":21,"column":23},"end":{"line":37,"column":5}},"line":21},"3":{"name":"(anonymous_3)","decl":{"start":{"line":39,"column":20},"end":{"line":39,"column":21}},"loc":{"start":{"line":39,"column":26},"end":{"line":42,"column":5}},"line":39},"4":{"name":"(anonymous_4)","decl":{"start":{"line":46,"column":25},"end":{"line":46,"column":26}},"loc":{"start":{"line":46,"column":31},"end":{"line":51,"column":5}},"line":46},"5":{"name":"(anonymous_5)","decl":{"start":{"line":55,"column":11},"end":{"line":55,"column":12}},"loc":{"start":{"line":55,"column":17},"end":{"line":58,"column":5}},"line":55}},"branchMap":{"0":{"loc":{"start":{"line":32,"column":8},"end":{"line":34,"column":9}},"type":"if","locations":[{"start":{"line":32,"column":8},"end":{"line":34,"column":9}},{"start":{},"end":{}}],"line":32},"1":{"loc":{"start":{"line":32,"column":12},"end":{"line":32,"column":65}},"type":"binary-expr","locations":[{"start":{"line":32,"column":12},"end":{"line":32,"column":40}},{"start":{"line":32,"column":44},"end":{"line":32,"column":65}}],"line":32}},"s":{"0":0,"1":0,"2":0,"3":0,"4":0,"5":0,"6":0,"7":0,"8":0,"9":0,"10":0,"11":0,"12":0,"13":0,"14":0,"15":0,"16":0,"17":0,"18":0,"19":0,"20":0,"21":0,"22":0,"23":0,"24":0,"25":0,"26":0,"27":0,"28":0,"29":0,"30":0,"31":0,"32":0,"33":0,"34":0,"35":0,"36":0,"37":0,"38":0,"39":0},"f":{"0":0,"1":0,"2":0,"3":0,"4":0,"5":0},"b":{"0":[0,0],"1":[0,0]}}
,"C:\\Users\\jhont\\Desktop\\portfolio-hacker\\src\\components\\Navigation.js": {"path":"C:\\Users\\jhont\\Desktop\\portfolio-hacker\\src\\components\\Navigation.js","statementMap":{},"fnMap":{},"branchMap":{},"s":{},"f":{},"b":{}}
,"C:\\Users\\jhont\\Desktop\\portfolio-hacker\\src\\components\\Terminal.js": {"path":"C:\\Users\\jhont\\Desktop\\portfolio-hacker\\src\\components\\Terminal.js","statementMap":{},"fnMap":{},"branchMap":{},"s":{},"f":{},"b":{}}
,"C:\\Users\\jhont\\Desktop\\portfolio-hacker\\src\\pages\\About.js": {"path":"C:\\Users\\jhont\\Desktop\\portfolio-hacker\\src\\pages\\About.js","statementMap":{},"fnMap":{},"branchMap":{},"s":{},"f":{},"b":{}}
,"C:\\Users\\jhont\\Desktop\\portfolio-hacker\\src\\pages\\Certifications.js": {"path":"C:\\Users\\jhont\\Desktop\\portfolio-hacker\\src\\pages\\Certifications.js","statementMap":{},"fnMap":{},"branchMap":{},"s":{},"f":{},"b":{}}
,"C:\\Users\\jhont\\Desktop\\portfolio-hacker\\src\\pages\\Contact.js": {"path":"C:\\Users\\jhont\\Desktop\\portfolio-hacker\\src\\pages\\Contact.js","statementMap":{},"fnMap":{},"branchMap":{},"s":{},"f":{},"b":{}}
,"C:\\Users\\jhont\\Desktop\\portfolio-hacker\\src\\pages\\HackingTools.js": {"path":"C:\\Users\\jhont\\Desktop\\portfolio-hacker\\src\\pages\\HackingTools.js","statementMap":{},"fnMap":{},"branchMap":{},"s":{},"f":{},"b":{}}
,"C:\\Users\\jhont\\Desktop\\portfolio-hacker\\src\\pages\\Home.js": {"path":"C:\\Users\\jhont\\Desktop\\portfolio-hacker\\src\\pages\\Home.js","statementMap":{},"fnMap":{},"branchMap":{},"s":{},"f":{},"b":{}}
,"C:\\Users\\jhont\\Desktop\\portfolio-hacker\\src\\pages\\Projects.js": {"path":"C:\\Users\\jhont\\Desktop\\portfolio-hacker\\src\\pages\\Projects.js","statementMap":{},"fnMap":{},"branchMap":{},"s":{},"f":{},"b":{}}
,"C:\\Users\\jhont\\Desktop\\portfolio-hacker\\src\\pages\\Skills.js": {"path":"C:\\Users\\jhont\\Desktop\\portfolio-hacker\\src\\pages\\Skills.js","statementMap":{},"fnMap":{},"branchMap":{},"s":{},"f":{},"b":{}}
,"C:\\Users\\jhont\\Desktop\\portfolio-hacker\\src\\scripts\\adminPanel.js": {"path":"C:\\Users\\jhont\\Desktop\\portfolio-hacker\\src\\scripts\\adminPanel.js","statementMap":{"0":{"start":{"line":3,"column":11},"end":{"line":3,"column":25}},"1":{"start":{"line":7,"column":8},"end":{"line":15,"column":9}},"2":{"start":{"line":8,"column":32},"end":{"line":8,"column":58}},"3":{"start":{"line":9,"column":37},"end":{"line":9,"column":63}},"4":{"start":{"line":10,"column":29},"end":{"line":10,"column":94}},"5":{"start":{"line":10,"column":63},"end":{"line":10,"column":92}},"6":{"start":{"line":11,"column":12},"end":{"line":11,"column":47}},"7":{"start":{"line":13,"column":12},"end":{"line":13,"column":71}},"8":{"start":{"line":14,"column":12},"end":{"line":14,"column":60}},"9":{"start":{"line":19,"column":8},"end":{"line":25,"column":9}},"10":{"start":{"line":20,"column":12},"end":{"line":20,"column":53}},"11":{"start":{"line":21,"column":12},"end":{"line":21,"column":37}},"12":{"start":{"line":23,"column":12},"end":{"line":23,"column":69}},"13":{"start":{"line":24,"column":12},"end":{"line":24,"column":60}}},"fnMap":{"0":{"name":"(anonymous_0)","decl":{"start":{"line":6,"column":4},"end":{"line":6,"column":5}},"loc":{"start":{"line":6,"column":24},"end":{"line":16,"column":5}},"line":6},"1":{"name":"(anonymous_1)","decl":{"start":{"line":10,"column":55},"end":{"line":10,"column":56}},"loc":{"start":{"line":10,"column":63},"end":{"line":10,"column":92}},"line":10},"2":{"name":"(anonymous_2)","decl":{"start":{"line":18,"column":4},"end":{"line":18,"column":5}},"loc":{"start":{"line":18,"column":28},"end":{"line":26,"column":5}},"line":18}},"branchMap":{},"s":{"0":0,"1":0,"2":0,"3":0,"4":0,"5":0,"6":0,"7":0,"8":0,"9":0,"10":0,"11":0,"12":0,"13":0},"f":{"0":0,"1":0,"2":0},"b":{}}
,"C:\\Users\\jhont\\Desktop\\portfolio-hacker\\src\\scripts\\auth.js": {"path":"C:\\Users\\jhont\\Desktop\\portfolio-hacker\\src\\scripts\\auth.js","statementMap":{"0":{"start":{"line":5,"column":13},"end":{"line":5,"column":22}},"1":{"start":{"line":10,"column":2},"end":{"line":12,"column":5}},"2":{"start":{"line":11,"column":4},"end":{"line":11,"column":19}},"3":{"start":{"line":17,"column":2},"end":{"line":23,"column":3}},"4":{"start":{"line":18,"column":27},"end":{"line":18,"column":82}},"5":{"start":{"line":19,"column":4},"end":{"line":19,"column":56}},"6":{"start":{"line":21,"column":4},"end":{"line":21,"column":52}},"7":{"start":{"line":22,"column":4},"end":{"line":22,"column":52}},"8":{"start":{"line":28,"column":2},"end":{"line":34,"column":3}},"9":{"start":{"line":29,"column":4},"end":{"line":29,"column":24}},"10":{"start":{"line":30,"column":4},"end":{"line":30,"column":29}},"11":{"start":{"line":32,"column":4},"end":{"line":32,"column":45}},"12":{"start":{"line":33,"column":4},"end":{"line":33,"column":52}}},"fnMap":{"0":{"name":"monitorAuthState","decl":{"start":{"line":9,"column":16},"end":{"line":9,"column":32}},"loc":{"start":{"line":9,"column":43},"end":{"line":13,"column":1}},"line":9},"1":{"name":"(anonymous_1)","decl":{"start":{"line":10,"column":27},"end":{"line":10,"column":28}},"loc":{"start":{"line":10,"column":35},"end":{"line":12,"column":3}},"line":10},"2":{"name":"login","decl":{"start":{"line":16,"column":22},"end":{"line":16,"column":27}},"loc":{"start":{"line":16,"column":45},"end":{"line":24,"column":1}},"line":16},"3":{"name":"logout","decl":{"start":{"line":27,"column":22},"end":{"line":27,"column":28}},"loc":{"start":{"line":27,"column":31},"end":{"line":35,"column":1}},"line":27}},"branchMap":{},"s":{"0":1,"1":1,"2":1,"3":2,"4":2,"5":1,"6":1,"7":1,"8":1,"9":1,"10":1,"11":0,"12":0},"f":{"0":1,"1":1,"2":2,"3":1},"b":{},"_coverageSchema":"1a1c01bbd47fc00a2c39e90264f33305004495a9","hash":"2df4ea2b9e6f453967e1938c57a54e014917821e"}
,"C:\\Users\\jhont\\Desktop\\portfolio-hacker\\src\\scripts\\authService.js": {"path":"C:\\Users\\jhont\\Desktop\\portfolio-hacker\\src\\scripts\\authService.js","statementMap":{"0":{"start":{"line":4,"column":13},"end":{"line":4,"column":22}},"1":{"start":{"line":6,"column":27},"end":{"line":20,"column":1}},"2":{"start":{"line":8,"column":8},"end":{"line":8,"column":52}},"3":{"start":{"line":12,"column":8},"end":{"line":18,"column":9}},"4":{"start":{"line":13,"column":35},"end":{"line":13,"column":94}},"5":{"start":{"line":14,"column":12},"end":{"line":14,"column":64}},"6":{"start":{"line":16,"column":12},"end":{"line":16,"column":63}},"7":{"start":{"line":17,"column":12},"end":{"line":17,"column":60}}},"fnMap":{"0":{"name":"(anonymous_0)","decl":{"start":{"line":7,"column":4},"end":{"line":7,"column":5}},"loc":{"start":{"line":7,"column":33},"end":{"line":9,"column":5}},"line":7},"1":{"name":"(anonymous_1)","decl":{"start":{"line":11,"column":4},"end":{"line":11,"column":5}},"loc":{"start":{"line":11,"column":36},"end":{"line":19,"column":5}},"line":11}},"branchMap":{},"s":{"0":0,"1":0,"2":0,"3":0,"4":0,"5":0,"6":0,"7":0},"f":{"0":0,"1":0},"b":{}}
,"C:\\Users\\jhont\\Desktop\\portfolio-hacker\\src\\scripts\\custom-scripts.js": {"path":"C:\\Users\\jhont\\Desktop\\portfolio-hacker\\src\\scripts\\custom-scripts.js","statementMap":{"0":{"start":{"line":1,"column":23},"end":{"line":9,"column":1}},"1":{"start":{"line":12,"column":0},"end":{"line":12,"column":39}},"2":{"start":{"line":13,"column":11},"end":{"line":13,"column":31}},"3":{"start":{"line":18,"column":8},"end":{"line":18,"column":63}},"4":{"start":{"line":19,"column":8},"end":{"line":19,"column":48}},"5":{"start":{"line":20,"column":8},"end":{"line":20,"column":76}},"6":{"start":{"line":21,"column":8},"end":{"line":21,"column":27}},"7":{"start":{"line":22,"column":8},"end":{"line":22,"column":25}},"8":{"start":{"line":23,"column":8},"end":{"line":23,"column":24}},"9":{"start":{"line":25,"column":8},"end":{"line":25,"column":28}},"10":{"start":{"line":26,"column":8},"end":{"line":26,"column":25}},"11":{"start":{"line":27,"column":8},"end":{"line":27,"column":23}},"12":{"start":{"line":29,"column":8},"end":{"line":29,"column":69}},"13":{"start":{"line":29,"column":48},"end":{"line":29,"column":67}},"14":{"start":{"line":33,"column":8},"end":{"line":33,"column":46}},"15":{"start":{"line":34,"column":8},"end":{"line":34,"column":48}},"16":{"start":{"line":35,"column":8},"end":{"line":35,"column":69}},"17":{"start":{"line":36,"column":8},"end":{"line":36,"column":25}},"18":{"start":{"line":40,"column":8},"end":{"line":40,"column":24}},"19":{"start":{"line":41,"column":8},"end":{"line":43,"column":9}},"20":{"start":{"line":41,"column":21},"end":{"line":41,"column":22}},"21":{"start":{"line":42,"column":12},"end":{"line":42,"column":63}},"22":{"start":{"line":47,"column":8},"end":{"line":47,"column":51}},"23":{"start":{"line":48,"column":8},"end":{"line":48,"column":71}},"24":{"start":{"line":50,"column":8},"end":{"line":50,"column":39}},"25":{"start":{"line":51,"column":8},"end":{"line":51,"column":55}},"26":{"start":{"line":53,"column":8},"end":{"line":61,"column":9}},"27":{"start":{"line":53,"column":21},"end":{"line":53,"column":22}},"28":{"start":{"line":54,"column":25},"end":{"line":54,"column":82}},"29":{"start":{"line":55,"column":12},"end":{"line":55,"column":70}},"30":{"start":{"line":57,"column":12},"end":{"line":59,"column":13}},"31":{"start":{"line":58,"column":16},"end":{"line":58,"column":34}},"32":{"start":{"line":60,"column":12},"end":{"line":60,"column":43}},"33":{"start":{"line":63,"column":8},"end":{"line":63,"column":52}},"34":{"start":{"line":63,"column":36},"end":{"line":63,"column":50}},"35":{"start":{"line":70,"column":8},"end":{"line":70,"column":73}},"36":{"start":{"line":71,"column":8},"end":{"line":71,"column":30}},"37":{"start":{"line":72,"column":8},"end":{"line":85,"column":10}},"38":{"start":{"line":87,"column":8},"end":{"line":87,"column":27}},"39":{"start":{"line":91,"column":8},"end":{"line":91,"column":31}},"40":{"start":{"line":93,"column":8},"end":{"line":98,"column":9}},"41":{"start":{"line":94,"column":12},"end":{"line":94,"column":48}},"42":{"start":{"line":95,"column":12},"end":{"line":95,"column":35}},"43":{"start":{"line":96,"column":12},"end":{"line":96,"column":46}},"44":{"start":{"line":97,"column":12},"end":{"line":97,"column":35}},"45":{"start":{"line":100,"column":8},"end":{"line":100,"column":37}},"46":{"start":{"line":104,"column":26},"end":{"line":104,"column":55}},"47":{"start":{"line":105,"column":8},"end":{"line":105,"column":48}},"48":{"start":{"line":106,"column":8},"end":{"line":106,"column":161}},"49":{"start":{"line":108,"column":8},"end":{"line":108,"column":51}},"50":{"start":{"line":109,"column":28},"end":{"line":109,"column":72}},"51":{"start":{"line":111,"column":8},"end":{"line":114,"column":9}},"52":{"start":{"line":111,"column":21},"end":{"line":111,"column":22}},"53":{"start":{"line":112,"column":12},"end":{"line":112,"column":50}},"54":{"start":{"line":113,"column":12},"end":{"line":113,"column":34}},"55":{"start":{"line":116,"column":8},"end":{"line":116,"column":59}},"56":{"start":{"line":120,"column":26},"end":{"line":120,"column":55}},"57":{"start":{"line":121,"column":8},"end":{"line":121,"column":48}},"58":{"start":{"line":122,"column":8},"end":{"line":122,"column":56}},"59":{"start":{"line":124,"column":8},"end":{"line":124,"column":51}},"60":{"start":{"line":126,"column":22},"end":{"line":126,"column":40}},"61":{"start":{"line":127,"column":8},"end":{"line":136,"column":9}},"62":{"start":{"line":128,"column":12},"end":{"line":133,"column":13}},"63":{"start":{"line":129,"column":16},"end":{"line":132,"column":17}},"64":{"start":{"line":129,"column":29},"end":{"line":129,"column":30}},"65":{"start":{"line":130,"column":20},"end":{"line":130,"column":53}},"66":{"start":{"line":131,"column":20},"end":{"line":131,"column":41}},"67":{"start":{"line":134,"column":12},"end":{"line":134,"column":42}},"68":{"start":{"line":135,"column":12},"end":{"line":135,"column":34}},"69":{"start":{"line":140,"column":23},"end":{"line":140,"column":52}},"70":{"start":{"line":141,"column":8},"end":{"line":141,"column":45}},"71":{"start":{"line":142,"column":8},"end":{"line":142,"column":137}},"72":{"start":{"line":143,"column":8},"end":{"line":143,"column":48}},"73":{"start":{"line":147,"column":8},"end":{"line":147,"column":63}},"74":{"start":{"line":147,"column":38},"end":{"line":147,"column":61}},"75":{"start":{"line":154,"column":8},"end":{"line":154,"column":37}},"76":{"start":{"line":155,"column":8},"end":{"line":155,"column":34}},"77":{"start":{"line":159,"column":25},"end":{"line":159,"column":63}},"78":{"start":{"line":160,"column":8},"end":{"line":166,"column":11}},"79":{"start":{"line":161,"column":12},"end":{"line":165,"column":15}},"80":{"start":{"line":162,"column":16},"end":{"line":162,"column":35}},"81":{"start":{"line":163,"column":32},"end":{"line":163,"column":65}},"82":{"start":{"line":164,"column":16},"end":{"line":164,"column":44}},"83":{"start":{"line":171,"column":31},"end":{"line":171,"column":75}},"84":{"start":{"line":172,"column":8},"end":{"line":174,"column":9}},"85":{"start":{"line":173,"column":12},"end":{"line":173,"column":54}},"86":{"start":{"line":177,"column":27},"end":{"line":177,"column":63}},"87":{"start":{"line":178,"column":8},"end":{"line":180,"column":9}},"88":{"start":{"line":179,"column":12},"end":{"line":179,"column":47}},"89":{"start":{"line":183,"column":8},"end":{"line":185,"column":11}},"90":{"start":{"line":184,"column":12},"end":{"line":184,"column":44}},"91":{"start":{"line":187,"column":8},"end":{"line":187,"column":90}},"92":{"start":{"line":189,"column":8},"end":{"line":189,"column":42}},"93":{"start":{"line":192,"column":8},"end":{"line":192,"column":40}},"94":{"start":{"line":196,"column":8},"end":{"line":205,"column":9}},"95":{"start":{"line":197,"column":12},"end":{"line":202,"column":15}},"96":{"start":{"line":204,"column":12},"end":{"line":204,"column":60}},"97":{"start":{"line":212,"column":8},"end":{"line":212,"column":60}},"98":{"start":{"line":213,"column":8},"end":{"line":213,"column":34}},"99":{"start":{"line":214,"column":8},"end":{"line":214,"column":34}},"100":{"start":{"line":218,"column":8},"end":{"line":221,"column":11}},"101":{"start":{"line":219,"column":12},"end":{"line":219,"column":31}},"102":{"start":{"line":220,"column":12},"end":{"line":220,"column":32}},"103":{"start":{"line":225,"column":25},"end":{"line":233,"column":9}},"104":{"start":{"line":235,"column":8},"end":{"line":253,"column":9}},"105":{"start":{"line":236,"column":24},"end":{"line":236,"column":55}},"106":{"start":{"line":237,"column":12},"end":{"line":237,"column":44}},"107":{"start":{"line":238,"column":12},"end":{"line":238,"column":32}},"108":{"start":{"line":240,"column":12},"end":{"line":240,"column":58}},"109":{"start":{"line":242,"column":12},"end":{"line":242,"column":38}},"110":{"start":{"line":243,"column":12},"end":{"line":243,"column":30}},"111":{"start":{"line":244,"column":12},"end":{"line":244,"column":38}},"112":{"start":{"line":247,"column":12},"end":{"line":247,"column":36}},"113":{"start":{"line":248,"column":12},"end":{"line":248,"column":43}},"114":{"start":{"line":250,"column":24},"end":{"line":250,"column":55}},"115":{"start":{"line":251,"column":12},"end":{"line":251,"column":51}},"116":{"start":{"line":252,"column":12},"end":{"line":252,"column":33}},"117":{"start":{"line":257,"column":24},"end":{"line":257,"column":53}},"118":{"start":{"line":258,"column":8},"end":{"line":265,"column":10}},"119":{"start":{"line":266,"column":8},"end":{"line":266,"column":87}},"120":{"start":{"line":268,"column":8},"end":{"line":268,"column":39}},"121":{"start":{"line":269,"column":8},"end":{"line":269,"column":49}},"122":{"start":{"line":269,"column":25},"end":{"line":269,"column":41}},"123":{"start":{"line":273,"column":22},"end":{"line":273,"column":51}},"124":{"start":{"line":274,"column":8},"end":{"line":281,"column":10}},"125":{"start":{"line":282,"column":8},"end":{"line":282,"column":80}},"126":{"start":{"line":284,"column":8},"end":{"line":284,"column":37}},"127":{"start":{"line":285,"column":8},"end":{"line":285,"column":47}},"128":{"start":{"line":285,"column":25},"end":{"line":285,"column":39}},"129":{"start":{"line":289,"column":8},"end":{"line":322,"column":9}},"130":{"start":{"line":290,"column":29},"end":{"line":293,"column":22}},"131":{"start":{"line":295,"column":32},"end":{"line":295,"column":74}},"132":{"start":{"line":297,"column":12},"end":{"line":300,"column":13}},"133":{"start":{"line":298,"column":16},"end":{"line":298,"column":110}},"134":{"start":{"line":299,"column":16},"end":{"line":299,"column":23}},"135":{"start":{"line":302,"column":23},"end":{"line":302,"column":25}},"136":{"start":{"line":303,"column":12},"end":{"line":314,"column":15}},"137":{"start":{"line":304,"column":29},"end":{"line":304,"column":39}},"138":{"start":{"line":305,"column":29},"end":{"line":305,"column":114}},"139":{"start":{"line":307,"column":16},"end":{"line":313,"column":18}},"140":{"start":{"line":316,"column":12},"end":{"line":316,"column":41}},"141":{"start":{"line":319,"column":12},"end":{"line":319,"column":60}},"142":{"start":{"line":320,"column":12},"end":{"line":321,"column":85}},"143":{"start":{"line":327,"column":0},"end":{"line":343,"column":3}},"144":{"start":{"line":328,"column":4},"end":{"line":328,"column":21}},"145":{"start":{"line":329,"column":4},"end":{"line":329,"column":25}},"146":{"start":{"line":330,"column":4},"end":{"line":330,"column":21}},"147":{"start":{"line":331,"column":4},"end":{"line":331,"column":22}},"148":{"start":{"line":334,"column":4},"end":{"line":342,"column":7}},"149":{"start":{"line":335,"column":8},"end":{"line":337,"column":11}},"150":{"start":{"line":336,"column":12},"end":{"line":336,"column":66}},"151":{"start":{"line":339,"column":8},"end":{"line":341,"column":11}},"152":{"start":{"line":340,"column":12},"end":{"line":340,"column":60}},"153":{"start":{"line":346,"column":0},"end":{"line":352,"column":1}},"154":{"start":{"line":347,"column":4},"end":{"line":351,"column":7}},"155":{"start":{"line":348,"column":8},"end":{"line":350,"column":67}},"156":{"start":{"line":349,"column":34},"end":{"line":349,"column":62}},"157":{"start":{"line":350,"column":28},"end":{"line":350,"column":65}}},"fnMap":{"0":{"name":"(anonymous_0)","decl":{"start":{"line":17,"column":4},"end":{"line":17,"column":5}},"loc":{"start":{"line":17,"column":18},"end":{"line":30,"column":5}},"line":17},"1":{"name":"(anonymous_1)","decl":{"start":{"line":29,"column":42},"end":{"line":29,"column":43}},"loc":{"start":{"line":29,"column":48},"end":{"line":29,"column":67}},"line":29},"2":{"name":"(anonymous_2)","decl":{"start":{"line":32,"column":4},"end":{"line":32,"column":5}},"loc":{"start":{"line":32,"column":19},"end":{"line":37,"column":5}},"line":32},"3":{"name":"(anonymous_3)","decl":{"start":{"line":39,"column":4},"end":{"line":39,"column":5}},"loc":{"start":{"line":39,"column":16},"end":{"line":44,"column":5}},"line":39},"4":{"name":"(anonymous_4)","decl":{"start":{"line":46,"column":4},"end":{"line":46,"column":5}},"loc":{"start":{"line":46,"column":14},"end":{"line":64,"column":5}},"line":46},"5":{"name":"(anonymous_5)","decl":{"start":{"line":63,"column":30},"end":{"line":63,"column":31}},"loc":{"start":{"line":63,"column":36},"end":{"line":63,"column":50}},"line":63},"6":{"name":"(anonymous_6)","decl":{"start":{"line":69,"column":4},"end":{"line":69,"column":5}},"loc":{"start":{"line":69,"column":18},"end":{"line":88,"column":5}},"line":69},"7":{"name":"(anonymous_7)","decl":{"start":{"line":90,"column":4},"end":{"line":90,"column":5}},"loc":{"start":{"line":90,"column":24},"end":{"line":101,"column":5}},"line":90},"8":{"name":"(anonymous_8)","decl":{"start":{"line":103,"column":4},"end":{"line":103,"column":5}},"loc":{"start":{"line":103,"column":31},"end":{"line":117,"column":5}},"line":103},"9":{"name":"(anonymous_9)","decl":{"start":{"line":119,"column":4},"end":{"line":119,"column":5}},"loc":{"start":{"line":119,"column":29},"end":{"line":137,"column":5}},"line":119},"10":{"name":"(anonymous_10)","decl":{"start":{"line":139,"column":4},"end":{"line":139,"column":5}},"loc":{"start":{"line":139,"column":28},"end":{"line":144,"column":5}},"line":139},"11":{"name":"(anonymous_11)","decl":{"start":{"line":146,"column":4},"end":{"line":146,"column":5}},"loc":{"start":{"line":146,"column":14},"end":{"line":148,"column":5}},"line":146},"12":{"name":"(anonymous_12)","decl":{"start":{"line":147,"column":27},"end":{"line":147,"column":28}},"loc":{"start":{"line":147,"column":38},"end":{"line":147,"column":61}},"line":147},"13":{"name":"(anonymous_13)","decl":{"start":{"line":153,"column":4},"end":{"line":153,"column":5}},"loc":{"start":{"line":153,"column":18},"end":{"line":156,"column":5}},"line":153},"14":{"name":"(anonymous_14)","decl":{"start":{"line":158,"column":4},"end":{"line":158,"column":5}},"loc":{"start":{"line":158,"column":25},"end":{"line":167,"column":5}},"line":158},"15":{"name":"(anonymous_15)","decl":{"start":{"line":160,"column":25},"end":{"line":160,"column":26}},"loc":{"start":{"line":160,"column":33},"end":{"line":166,"column":9}},"line":160},"16":{"name":"(anonymous_16)","decl":{"start":{"line":161,"column":43},"end":{"line":161,"column":44}},"loc":{"start":{"line":161,"column":50},"end":{"line":165,"column":13}},"line":161},"17":{"name":"(anonymous_17)","decl":{"start":{"line":169,"column":4},"end":{"line":169,"column":5}},"loc":{"start":{"line":169,"column":31},"end":{"line":193,"column":5}},"line":169},"18":{"name":"(anonymous_18)","decl":{"start":{"line":183,"column":55},"end":{"line":183,"column":56}},"loc":{"start":{"line":183,"column":63},"end":{"line":185,"column":9}},"line":183},"19":{"name":"(anonymous_19)","decl":{"start":{"line":195,"column":4},"end":{"line":195,"column":5}},"loc":{"start":{"line":195,"column":33},"end":{"line":206,"column":5}},"line":195},"20":{"name":"(anonymous_20)","decl":{"start":{"line":211,"column":4},"end":{"line":211,"column":5}},"loc":{"start":{"line":211,"column":18},"end":{"line":215,"column":5}},"line":211},"21":{"name":"(anonymous_21)","decl":{"start":{"line":217,"column":4},"end":{"line":217,"column":5}},"loc":{"start":{"line":217,"column":25},"end":{"line":222,"column":5}},"line":217},"22":{"name":"(anonymous_22)","decl":{"start":{"line":218,"column":45},"end":{"line":218,"column":46}},"loc":{"start":{"line":218,"column":52},"end":{"line":221,"column":9}},"line":218},"23":{"name":"(anonymous_23)","decl":{"start":{"line":224,"column":4},"end":{"line":224,"column":5}},"loc":{"start":{"line":224,"column":25},"end":{"line":254,"column":5}},"line":224},"24":{"name":"(anonymous_24)","decl":{"start":{"line":256,"column":4},"end":{"line":256,"column":5}},"loc":{"start":{"line":256,"column":25},"end":{"line":270,"column":5}},"line":256},"25":{"name":"(anonymous_25)","decl":{"start":{"line":269,"column":19},"end":{"line":269,"column":20}},"loc":{"start":{"line":269,"column":25},"end":{"line":269,"column":41}},"line":269},"26":{"name":"(anonymous_26)","decl":{"start":{"line":272,"column":4},"end":{"line":272,"column":5}},"loc":{"start":{"line":272,"column":23},"end":{"line":286,"column":5}},"line":272},"27":{"name":"(anonymous_27)","decl":{"start":{"line":285,"column":19},"end":{"line":285,"column":20}},"loc":{"start":{"line":285,"column":25},"end":{"line":285,"column":39}},"line":285},"28":{"name":"(anonymous_28)","decl":{"start":{"line":288,"column":4},"end":{"line":288,"column":5}},"loc":{"start":{"line":288,"column":31},"end":{"line":323,"column":5}},"line":288},"29":{"name":"(anonymous_29)","decl":{"start":{"line":303,"column":29},"end":{"line":303,"column":30}},"loc":{"start":{"line":303,"column":36},"end":{"line":314,"column":13}},"line":303},"30":{"name":"(anonymous_30)","decl":{"start":{"line":327,"column":46},"end":{"line":327,"column":47}},"loc":{"start":{"line":327,"column":52},"end":{"line":343,"column":1}},"line":327},"31":{"name":"(anonymous_31)","decl":{"start":{"line":334,"column":47},"end":{"line":334,"column":48}},"loc":{"start":{"line":334,"column":55},"end":{"line":342,"column":5}},"line":334},"32":{"name":"(anonymous_32)","decl":{"start":{"line":335,"column":44},"end":{"line":335,"column":45}},"loc":{"start":{"line":335,"column":50},"end":{"line":337,"column":9}},"line":335},"33":{"name":"(anonymous_33)","decl":{"start":{"line":339,"column":44},"end":{"line":339,"column":45}},"loc":{"start":{"line":339,"column":50},"end":{"line":341,"column":9}},"line":339},"34":{"name":"(anonymous_34)","decl":{"start":{"line":347,"column":36},"end":{"line":347,"column":37}},"loc":{"start":{"line":347,"column":42},"end":{"line":351,"column":5}},"line":347},"35":{"name":"(anonymous_35)","decl":{"start":{"line":349,"column":18},"end":{"line":349,"column":19}},"loc":{"start":{"line":349,"column":34},"end":{"line":349,"column":62}},"line":349},"36":{"name":"(anonymous_36)","decl":{"start":{"line":350,"column":19},"end":{"line":350,"column":20}},"loc":{"start":{"line":350,"column":28},"end":{"line":350,"column":65}},"line":350}},"branchMap":{"0":{"loc":{"start":{"line":57,"column":12},"end":{"line":59,"column":13}},"type":"if","locations":[{"start":{"line":57,"column":12},"end":{"line":59,"column":13}},{"start":{},"end":{}}],"line":57},"1":{"loc":{"start":{"line":57,"column":16},"end":{"line":57,"column":75}},"type":"binary-expr","locations":[{"start":{"line":57,"column":16},"end":{"line":57,"column":50}},{"start":{"line":57,"column":54},"end":{"line":57,"column":75}}],"line":57},"2":{"loc":{"start":{"line":128,"column":12},"end":{"line":133,"column":13}},"type":"if","locations":[{"start":{"line":128,"column":12},"end":{"line":133,"column":13}},{"start":{},"end":{}}],"line":128},"3":{"loc":{"start":{"line":172,"column":8},"end":{"line":174,"column":9}},"type":"if","locations":[{"start":{"line":172,"column":8},"end":{"line":174,"column":9}},{"start":{},"end":{}}],"line":172},"4":{"loc":{"start":{"line":178,"column":8},"end":{"line":180,"column":9}},"type":"if","locations":[{"start":{"line":178,"column":8},"end":{"line":180,"column":9}},{"start":{},"end":{}}],"line":178},"5":{"loc":{"start":{"line":297,"column":12},"end":{"line":300,"column":13}},"type":"if","locations":[{"start":{"line":297,"column":12},"end":{"line":300,"column":13}},{"start":{},"end":{}}],"line":297},"6":{"loc":{"start":{"line":305,"column":29},"end":{"line":305,"column":114}},"type":"cond-expr","locations":[{"start":{"line":305,"column":46},"end":{"line":305,"column":90}},{"start":{"line":305,"column":93},"end":{"line":305,"column":114}}],"line":305},"7":{"loc":{"start":{"line":309,"column":58},"end":{"line":309,"column":87}},"type":"binary-expr","locations":[{"start":{"line":309,"column":58},"end":{"line":309,"column":70}},{"start":{"line":309,"column":74},"end":{"line":309,"column":87}}],"line":309},"8":{"loc":{"start":{"line":310,"column":81},"end":{"line":310,"column":103}},"type":"binary-expr","locations":[{"start":{"line":310,"column":81},"end":{"line":310,"column":90}},{"start":{"line":310,"column":94},"end":{"line":310,"column":103}}],"line":310},"9":{"loc":{"start":{"line":346,"column":0},"end":{"line":352,"column":1}},"type":"if","locations":[{"start":{"line":346,"column":0},"end":{"line":352,"column":1}},{"start":{},"end":{}}],"line":346}},"s":{"0":0,"1":0,"2":0,"3":0,"4":0,"5":0,"6":0,"7":0,"8":0,"9":0,"10":0,"11":0,"12":0,"13":0,"14":0,"15":0,"16":0,"17":0,"18":0,"19":0,"20":0,"21":0,"22":0,"23":0,"24":0,"25":0,"26":0,"27":0,"28":0,"29":0,"30":0,"31":0,"32":0,"33":0,"34":0,"35":0,"36":0,"37":0,"38":0,"39":0,"40":0,"41":0,"42":0,"43":0,"44":0,"45":0,"46":0,"47":0,"48":0,"49":0,"50":0,"51":0,"52":0,"53":0,"54":0,"55":0,"56":0,"57":0,"58":0,"59":0,"60":0,"61":0,"62":0,"63":0,"64":0,"65":0,"66":0,"67":0,"68":0,"69":0,"70":0,"71":0,"72":0,"73":0,"74":0,"75":0,"76":0,"77":0,"78":0,"79":0,"80":0,"81":0,"82":0,"83":0,"84":0,"85":0,"86":0,"87":0,"88":0,"89":0,"90":0,"91":0,"92":0,"93":0,"94":0,"95":0,"96":0,"97":0,"98":0,"99":0,"100":0,"101":0,"102":0,"103":0,"104":0,"105":0,"106":0,"107":0,"108":0,"109":0,"110":0,"111":0,"112":0,"113":0,"114":0,"115":0,"116":0,"117":0,"118":0,"119":0,"120":0,"121":0,"122":0,"123":0,"124":0,"125":0,"126":0,"127":0,"128":0,"129":0,"130":0,"131":0,"132":0,"133":0,"134":0,"135":0,"136":0,"137":0,"138":0,"139":0,"140":0,"141":0,"142":0,"143":0,"144":0,"145":0,"146":0,"147":0,"148":0,"149":0,"150":0,"151":0,"152":0,"153":0,"154":0,"155":0,"156":0,"157":0},"f":{"0":0,"1":0,"2":0,"3":0,"4":0,"5":0,"6":0,"7":0,"8":0,"9":0,"10":0,"11":0,"12":0,"13":0,"14":0,"15":0,"16":0,"17":0,"18":0,"19":0,"20":0,"21":0,"22":0,"23":0,"24":0,"25":0,"26":0,"27":0,"28":0,"29":0,"30":0,"31":0,"32":0,"33":0,"34":0,"35":0,"36":0},"b":{"0":[0,0],"1":[0,0],"2":[0,0],"3":[0,0],"4":[0,0],"5":[0,0],"6":[0,0],"7":[0,0],"8":[0,0],"9":[0,0]}}
,"C:\\Users\\jhont\\Desktop\\portfolio-hacker\\src\\scripts\\database.js": {"path":"C:\\Users\\jhont\\Desktop\\portfolio-hacker\\src\\scripts\\database.js","statementMap":{"0":{"start":{"line":5,"column":11},"end":{"line":5,"column":25}},"1":{"start":{"line":10,"column":2},"end":{"line":20,"column":3}},"2":{"start":{"line":11,"column":19},"end":{"line":15,"column":6}},"3":{"start":{"line":16,"column":4},"end":{"line":16,"column":44}},"4":{"start":{"line":18,"column":4},"end":{"line":18,"column":50}},"5":{"start":{"line":19,"column":4},"end":{"line":19,"column":52}},"6":{"start":{"line":25,"column":2},"end":{"line":41,"column":3}},"7":{"start":{"line":26,"column":14},"end":{"line":31,"column":5}},"8":{"start":{"line":32,"column":26},"end":{"line":32,"column":42}},"9":{"start":{"line":33,"column":21},"end":{"line":33,"column":23}},"10":{"start":{"line":34,"column":4},"end":{"line":36,"column":7}},"11":{"start":{"line":35,"column":6},"end":{"line":35,"column":51}},"12":{"start":{"line":37,"column":4},"end":{"line":37,"column":39}},"13":{"start":{"line":39,"column":4},"end":{"line":39,"column":61}},"14":{"start":{"line":40,"column":4},"end":{"line":40,"column":52}},"15":{"start":{"line":46,"column":2},"end":{"line":56,"column":3}},"16":{"start":{"line":47,"column":26},"end":{"line":47,"column":65}},"17":{"start":{"line":48,"column":19},"end":{"line":48,"column":21}},"18":{"start":{"line":49,"column":4},"end":{"line":51,"column":7}},"19":{"start":{"line":50,"column":6},"end":{"line":50,"column":49}},"20":{"start":{"line":52,"column":4},"end":{"line":52,"column":37}},"21":{"start":{"line":54,"column":4},"end":{"line":54,"column":50}},"22":{"start":{"line":55,"column":4},"end":{"line":55,"column":52}},"23":{"start":{"line":61,"column":2},"end":{"line":71,"column":3}},"24":{"start":{"line":62,"column":26},"end":{"line":62,"column":73}},"25":{"start":{"line":63,"column":27},"end":{"line":63,"column":29}},"26":{"start":{"line":64,"column":4},"end":{"line":66,"column":7}},"27":{"start":{"line":65,"column":6},"end":{"line":65,"column":57}},"28":{"start":{"line":67,"column":4},"end":{"line":67,"column":45}},"29":{"start":{"line":69,"column":4},"end":{"line":69,"column":58}},"30":{"start":{"line":70,"column":4},"end":{"line":70,"column":52}},"31":{"start":{"line":76,"column":2},"end":{"line":83,"column":3}},"32":{"start":{"line":77,"column":4},"end":{"line":80,"column":7}},"33":{"start":{"line":82,"column":4},"end":{"line":82,"column":53}}},"fnMap":{"0":{"name":"addProject","decl":{"start":{"line":9,"column":22},"end":{"line":9,"column":32}},"loc":{"start":{"line":9,"column":46},"end":{"line":21,"column":1}},"line":9},"1":{"name":"getFeaturedProjects","decl":{"start":{"line":24,"column":22},"end":{"line":24,"column":41}},"loc":{"start":{"line":24,"column":58},"end":{"line":42,"column":1}},"line":24},"2":{"name":"(anonymous_2)","decl":{"start":{"line":34,"column":26},"end":{"line":34,"column":27}},"loc":{"start":{"line":34,"column":33},"end":{"line":36,"column":5}},"line":34},"3":{"name":"getSkills","decl":{"start":{"line":45,"column":22},"end":{"line":45,"column":31}},"loc":{"start":{"line":45,"column":34},"end":{"line":57,"column":1}},"line":45},"4":{"name":"(anonymous_4)","decl":{"start":{"line":49,"column":26},"end":{"line":49,"column":27}},"loc":{"start":{"line":49,"column":33},"end":{"line":51,"column":5}},"line":49},"5":{"name":"getCertifications","decl":{"start":{"line":60,"column":22},"end":{"line":60,"column":39}},"loc":{"start":{"line":60,"column":42},"end":{"line":72,"column":1}},"line":60},"6":{"name":"(anonymous_6)","decl":{"start":{"line":64,"column":26},"end":{"line":64,"column":27}},"loc":{"start":{"line":64,"column":33},"end":{"line":66,"column":5}},"line":64},"7":{"name":"logAnalytics","decl":{"start":{"line":75,"column":22},"end":{"line":75,"column":34}},"loc":{"start":{"line":75,"column":46},"end":{"line":84,"column":1}},"line":75}},"branchMap":{"0":{"loc":{"start":{"line":14,"column":16},"end":{"line":14,"column":45}},"type":"binary-expr","locations":[{"start":{"line":14,"column":16},"end":{"line":14,"column":36}},{"start":{"line":14,"column":40},"end":{"line":14,"column":45}}],"line":14},"1":{"loc":{"start":{"line":24,"column":42},"end":{"line":24,"column":56}},"type":"default-arg","locations":[{"start":{"line":24,"column":55},"end":{"line":24,"column":56}}],"line":24}},"s":{"0":1,"1":0,"2":0,"3":0,"4":0,"5":0,"6":0,"7":0,"8":0,"9":0,"10":0,"11":0,"12":0,"13":0,"14":0,"15":0,"16":0,"17":0,"18":0,"19":0,"20":0,"21":0,"22":0,"23":0,"24":0,"25":0,"26":0,"27":0,"28":0,"29":0,"30":0,"31":0,"32":0,"33":0},"f":{"0":0,"1":0,"2":0,"3":0,"4":0,"5":0,"6":0,"7":0},"b":{"0":[0,0],"1":[0]},"_coverageSchema":"1a1c01bbd47fc00a2c39e90264f33305004495a9","hash":"7a12536b5130fe6695c44e41dbe8c26c5ec5c29b"}
,"C:\\Users\\jhont\\Desktop\\portfolio-hacker\\src\\scripts\\firebase-config.js": {"path":"C:\\Users\\jhont\\Desktop\\portfolio-hacker\\src\\scripts\\firebase-config.js","statementMap":{"0":{"start":{"line":39,"column":8},"end":{"line":39,"column":23}},"1":{"start":{"line":40,"column":8},"end":{"line":40,"column":25}},"2":{"start":{"line":41,"column":8},"end":{"line":41,"column":43}},"3":{"start":{"line":46,"column":30},"end":{"line":54,"column":1}},"4":{"start":{"line":56,"column":33},"end":{"line":59,"column":1}},"5":{"start":{"line":63,"column":12},"end":{"line":63,"column":41}},"6":{"start":{"line":64,"column":11},"end":{"line":64,"column":28}},"7":{"start":{"line":65,"column":18},"end":{"line":65,"column":35}},"8":{"start":{"line":68,"column":31},"end":{"line":245,"column":1}},"9":{"start":{"line":71,"column":25},"end":{"line":71,"column":53}},"10":{"start":{"line":72,"column":8},"end":{"line":79,"column":9}},"11":{"start":{"line":73,"column":12},"end":{"line":78,"column":13}},"12":{"start":{"line":74,"column":16},"end":{"line":77,"column":18}},"13":{"start":{"line":81,"column":8},"end":{"line":86,"column":9}},"14":{"start":{"line":82,"column":12},"end":{"line":85,"column":14}},"15":{"start":{"line":91,"column":8},"end":{"line":137,"column":9}},"16":{"start":{"line":93,"column":12},"end":{"line":98,"column":13}},"17":{"start":{"line":94,"column":16},"end":{"line":97,"column":18}},"18":{"start":{"line":101,"column":34},"end":{"line":106,"column":13}},"19":{"start":{"line":108,"column":12},"end":{"line":108,"column":48}},"20":{"start":{"line":110,"column":33},"end":{"line":117,"column":13}},"21":{"start":{"line":119,"column":27},"end":{"line":122,"column":13}},"22":{"start":{"line":124,"column":12},"end":{"line":128,"column":14}},"23":{"start":{"line":131,"column":12},"end":{"line":131,"column":61}},"24":{"start":{"line":132,"column":12},"end":{"line":136,"column":14}},"25":{"start":{"line":141,"column":4},"end":{"line":188,"column":5}},"26":{"start":{"line":143,"column":8},"end":{"line":143,"column":85}},"27":{"start":{"line":143,"column":22},"end":{"line":143,"column":85}},"28":{"start":{"line":144,"column":8},"end":{"line":144,"column":99}},"29":{"start":{"line":144,"column":26},"end":{"line":144,"column":99}},"30":{"start":{"line":146,"column":28},"end":{"line":146,"column":54}},"31":{"start":{"line":147,"column":18},"end":{"line":151,"column":9}},"32":{"start":{"line":153,"column":44},"end":{"line":156,"column":10}},"33":{"start":{"line":158,"column":25},"end":{"line":158,"column":27}},"34":{"start":{"line":160,"column":8},"end":{"line":168,"column":11}},"35":{"start":{"line":161,"column":25},"end":{"line":161,"column":35}},"36":{"start":{"line":162,"column":12},"end":{"line":167,"column":15}},"37":{"start":{"line":170,"column":8},"end":{"line":179,"column":10}},"38":{"start":{"line":182,"column":8},"end":{"line":182,"column":59}},"39":{"start":{"line":183,"column":8},"end":{"line":187,"column":10}},"40":{"start":{"line":193,"column":8},"end":{"line":209,"column":9}},"41":{"start":{"line":194,"column":29},"end":{"line":194,"column":70}},"42":{"start":{"line":196,"column":12},"end":{"line":198,"column":13}},"43":{"start":{"line":197,"column":16},"end":{"line":197,"column":66}},"44":{"start":{"line":200,"column":12},"end":{"line":200,"column":38}},"45":{"start":{"line":203,"column":12},"end":{"line":203,"column":76}},"46":{"start":{"line":204,"column":12},"end":{"line":208,"column":14}},"47":{"start":{"line":214,"column":8},"end":{"line":232,"column":9}},"48":{"start":{"line":215,"column":33},"end":{"line":222,"column":13}},"49":{"start":{"line":224,"column":12},"end":{"line":227,"column":14}},"50":{"start":{"line":230,"column":12},"end":{"line":230,"column":60}},"51":{"start":{"line":237,"column":8},"end":{"line":243,"column":9}},"52":{"start":{"line":238,"column":29},"end":{"line":238,"column":77}},"53":{"start":{"line":239,"column":25},"end":{"line":239,"column":46}},"54":{"start":{"line":240,"column":12},"end":{"line":240,"column":27}},"55":{"start":{"line":242,"column":12},"end":{"line":242,"column":29}},"56":{"start":{"line":248,"column":24},"end":{"line":252,"column":1}}},"fnMap":{"0":{"name":"(anonymous_0)","decl":{"start":{"line":38,"column":4},"end":{"line":38,"column":5}},"loc":{"start":{"line":38,"column":46},"end":{"line":42,"column":5}},"line":38},"1":{"name":"(anonymous_1)","decl":{"start":{"line":70,"column":4},"end":{"line":70,"column":5}},"loc":{"start":{"line":70,"column":33},"end":{"line":87,"column":5}},"line":70},"2":{"name":"(anonymous_2)","decl":{"start":{"line":90,"column":4},"end":{"line":90,"column":5}},"loc":{"start":{"line":90,"column":35},"end":{"line":138,"column":5}},"line":90},"3":{"name":"(anonymous_3)","decl":{"start":{"line":140,"column":0},"end":{"line":140,"column":1}},"loc":{"start":{"line":140,"column":48},"end":{"line":189,"column":1}},"line":140},"4":{"name":"(anonymous_4)","decl":{"start":{"line":160,"column":30},"end":{"line":160,"column":31}},"loc":{"start":{"line":160,"column":39},"end":{"line":168,"column":9}},"line":160},"5":{"name":"(anonymous_5)","decl":{"start":{"line":192,"column":4},"end":{"line":192,"column":5}},"loc":{"start":{"line":192,"column":29},"end":{"line":210,"column":5}},"line":192},"6":{"name":"(anonymous_6)","decl":{"start":{"line":213,"column":4},"end":{"line":213,"column":5}},"loc":{"start":{"line":213,"column":34},"end":{"line":233,"column":5}},"line":213},"7":{"name":"(anonymous_7)","decl":{"start":{"line":236,"column":4},"end":{"line":236,"column":5}},"loc":{"start":{"line":236,"column":24},"end":{"line":244,"column":5}},"line":236}},"branchMap":{"0":{"loc":{"start":{"line":73,"column":12},"end":{"line":78,"column":13}},"type":"if","locations":[{"start":{"line":73,"column":12},"end":{"line":78,"column":13}},{"start":{},"end":{}}],"line":73},"1":{"loc":{"start":{"line":81,"column":8},"end":{"line":86,"column":9}},"type":"if","locations":[{"start":{"line":81,"column":8},"end":{"line":86,"column":9}},{"start":{},"end":{}}],"line":81},"2":{"loc":{"start":{"line":93,"column":12},"end":{"line":98,"column":13}},"type":"if","locations":[{"start":{"line":93,"column":12},"end":{"line":98,"column":13}},{"start":{},"end":{}}],"line":93},"3":{"loc":{"start":{"line":93,"column":16},"end":{"line":93,"column":63}},"type":"binary-expr","locations":[{"start":{"line":93,"column":16},"end":{"line":93,"column":28}},{"start":{"line":93,"column":32},"end":{"line":93,"column":63}}],"line":93},"4":{"loc":{"start":{"line":102,"column":29},"end":{"line":102,"column":51}},"type":"binary-expr","locations":[{"start":{"line":102,"column":29},"end":{"line":102,"column":45}},{"start":{"line":102,"column":49},"end":{"line":102,"column":51}}],"line":102},"5":{"loc":{"start":{"line":103,"column":30},"end":{"line":103,"column":53}},"type":"binary-expr","locations":[{"start":{"line":103,"column":30},"end":{"line":103,"column":47}},{"start":{"line":103,"column":51},"end":{"line":103,"column":53}}],"line":103},"6":{"loc":{"start":{"line":104,"column":32},"end":{"line":104,"column":57}},"type":"binary-expr","locations":[{"start":{"line":104,"column":32},"end":{"line":104,"column":51}},{"start":{"line":104,"column":55},"end":{"line":104,"column":57}}],"line":104},"7":{"loc":{"start":{"line":105,"column":25},"end":{"line":105,"column":93}},"type":"cond-expr","locations":[{"start":{"line":105,"column":47},"end":{"line":105,"column":81}},{"start":{"line":105,"column":84},"end":{"line":105,"column":93}}],"line":105},"8":{"loc":{"start":{"line":134,"column":16},"end":{"line":134,"column":42}},"type":"binary-expr","locations":[{"start":{"line":134,"column":16},"end":{"line":134,"column":26}},{"start":{"line":134,"column":30},"end":{"line":134,"column":42}}],"line":134},"9":{"loc":{"start":{"line":140,"column":24},"end":{"line":140,"column":32}},"type":"default-arg","locations":[{"start":{"line":140,"column":31},"end":{"line":140,"column":32}}],"line":140},"10":{"loc":{"start":{"line":140,"column":34},"end":{"line":140,"column":46}},"type":"default-arg","locations":[{"start":{"line":140,"column":45},"end":{"line":140,"column":46}}],"line":140},"11":{"loc":{"start":{"line":143,"column":8},"end":{"line":143,"column":85}},"type":"if","locations":[{"start":{"line":143,"column":8},"end":{"line":143,"column":85}},{"start":{},"end":{}}],"line":143},"12":{"loc":{"start":{"line":144,"column":8},"end":{"line":144,"column":99}},"type":"if","locations":[{"start":{"line":144,"column":8},"end":{"line":144,"column":99}},{"start":{},"end":{}}],"line":144},"13":{"loc":{"start":{"line":165,"column":27},"end":{"line":165,"column":65}},"type":"binary-expr","locations":[{"start":{"line":165,"column":27},"end":{"line":165,"column":51}},{"start":{"line":165,"column":55},"end":{"line":165,"column":65}}],"line":165},"14":{"loc":{"start":{"line":185,"column":12},"end":{"line":185,"column":39}},"type":"binary-expr","locations":[{"start":{"line":185,"column":12},"end":{"line":185,"column":22}},{"start":{"line":185,"column":26},"end":{"line":185,"column":39}}],"line":185},"15":{"loc":{"start":{"line":196,"column":12},"end":{"line":198,"column":13}},"type":"if","locations":[{"start":{"line":196,"column":12},"end":{"line":198,"column":13}},{"start":{},"end":{}}],"line":196},"16":{"loc":{"start":{"line":200,"column":19},"end":{"line":200,"column":37}},"type":"binary-expr","locations":[{"start":{"line":200,"column":19},"end":{"line":200,"column":32}},{"start":{"line":200,"column":36},"end":{"line":200,"column":37}}],"line":200}},"s":{"0":6,"1":6,"2":6,"3":1,"4":1,"5":1,"6":1,"7":1,"8":1,"9":6,"10":6,"11":17,"12":1,"13":5,"14":1,"15":2,"16":2,"17":0,"18":2,"19":2,"20":1,"21":1,"22":1,"23":1,"24":1,"25":1,"26":1,"27":0,"28":1,"29":0,"30":1,"31":1,"32":1,"33":0,"34":0,"35":0,"36":0,"37":0,"38":1,"39":1,"40":1,"41":1,"42":1,"43":1,"44":0,"45":1,"46":1,"47":1,"48":1,"49":1,"50":0,"51":2,"52":2,"53":0,"54":0,"55":2,"56":1},"f":{"0":6,"1":6,"2":2,"3":1,"4":0,"5":1,"6":1,"7":2},"b":{"0":[1,16],"1":[1,4],"2":[0,2],"3":[2,2],"4":[2,1],"5":[2,1],"6":[2,1],"7":[0,2],"8":[1,0],"9":[0],"10":[0],"11":[0,1],"12":[0,1],"13":[0,0],"14":[1,0],"15":[1,0],"16":[0,0]},"_coverageSchema":"1a1c01bbd47fc00a2c39e90264f33305004495a9","hash":"b31c16363bd3a08007f18dd40ae92d909ff701c0"}
,"C:\\Users\\jhont\\Desktop\\portfolio-hacker\\src\\scripts\\hacker-effects.js": {"path":"C:\\Users\\jhont\\Desktop\\portfolio-hacker\\src\\scripts\\hacker-effects.js","statementMap":{"0":{"start":{"line":6,"column":4},"end":{"line":6,"column":15}},"1":{"start":{"line":7,"column":4},"end":{"line":7,"column":15}},"2":{"start":{"line":8,"column":4},"end":{"line":8,"column":25}},"3":{"start":{"line":9,"column":4},"end":{"line":9,"column":23}},"4":{"start":{"line":10,"column":4},"end":{"line":10,"column":29}},"5":{"start":{"line":11,"column":4},"end":{"line":11,"column":19}},"6":{"start":{"line":15,"column":4},"end":{"line":15,"column":15}},"7":{"start":{"line":16,"column":4},"end":{"line":16,"column":33}},"8":{"start":{"line":17,"column":4},"end":{"line":17,"column":20}},"9":{"start":{"line":18,"column":4},"end":{"line":18,"column":64}},"10":{"start":{"line":19,"column":4},"end":{"line":19,"column":31}},"11":{"start":{"line":20,"column":4},"end":{"line":20,"column":15}},"12":{"start":{"line":21,"column":4},"end":{"line":21,"column":18}},"13":{"start":{"line":25,"column":4},"end":{"line":25,"column":30}},"14":{"start":{"line":26,"column":4},"end":{"line":26,"column":30}},"15":{"start":{"line":27,"column":4},"end":{"line":27,"column":23}},"16":{"start":{"line":33,"column":4},"end":{"line":33,"column":25}},"17":{"start":{"line":34,"column":4},"end":{"line":34,"column":39}},"18":{"start":{"line":35,"column":4},"end":{"line":35,"column":24}},"19":{"start":{"line":36,"column":4},"end":{"line":36,"column":28}},"20":{"start":{"line":40,"column":4},"end":{"line":40,"column":34}},"21":{"start":{"line":44,"column":4},"end":{"line":44,"column":67}},"22":{"start":{"line":44,"column":51},"end":{"line":44,"column":65}},"23":{"start":{"line":45,"column":4},"end":{"line":45,"column":68}},"24":{"start":{"line":47,"column":4},"end":{"line":54,"column":7}},"25":{"start":{"line":48,"column":6},"end":{"line":53,"column":7}},"26":{"start":{"line":49,"column":8},"end":{"line":49,"column":40}},"27":{"start":{"line":51,"column":8},"end":{"line":51,"column":26}},"28":{"start":{"line":52,"column":8},"end":{"line":52,"column":32}},"29":{"start":{"line":58,"column":4},"end":{"line":60,"column":5}},"30":{"start":{"line":59,"column":6},"end":{"line":59,"column":21}},"31":{"start":{"line":64,"column":4},"end":{"line":67,"column":5}},"32":{"start":{"line":65,"column":6},"end":{"line":65,"column":45}},"33":{"start":{"line":66,"column":6},"end":{"line":66,"column":30}},"34":{"start":{"line":73,"column":18},"end":{"line":73,"column":47}},"35":{"start":{"line":74,"column":2},"end":{"line":74,"column":40}},"36":{"start":{"line":75,"column":2},"end":{"line":90,"column":4}},"37":{"start":{"line":91,"column":2},"end":{"line":91,"column":29}},"38":{"start":{"line":92,"column":2},"end":{"line":92,"column":33}},"39":{"start":{"line":93,"column":2},"end":{"line":97,"column":4}},"40":{"start":{"line":95,"column":6},"end":{"line":95,"column":37}}},"fnMap":{"0":{"name":"(anonymous_0)","decl":{"start":{"line":5,"column":2},"end":{"line":5,"column":3}},"loc":{"start":{"line":5,"column":45},"end":{"line":12,"column":3}},"line":5},"1":{"name":"(anonymous_1)","decl":{"start":{"line":14,"column":2},"end":{"line":14,"column":3}},"loc":{"start":{"line":14,"column":12},"end":{"line":22,"column":3}},"line":14},"2":{"name":"(anonymous_2)","decl":{"start":{"line":24,"column":2},"end":{"line":24,"column":3}},"loc":{"start":{"line":24,"column":11},"end":{"line":28,"column":3}},"line":24},"3":{"name":"(anonymous_3)","decl":{"start":{"line":32,"column":2},"end":{"line":32,"column":3}},"loc":{"start":{"line":32,"column":22},"end":{"line":37,"column":3}},"line":32},"4":{"name":"(anonymous_4)","decl":{"start":{"line":39,"column":2},"end":{"line":39,"column":3}},"loc":{"start":{"line":39,"column":24},"end":{"line":41,"column":3}},"line":39},"5":{"name":"(anonymous_5)","decl":{"start":{"line":43,"column":2},"end":{"line":43,"column":3}},"loc":{"start":{"line":43,"column":12},"end":{"line":55,"column":3}},"line":43},"6":{"name":"(anonymous_6)","decl":{"start":{"line":44,"column":45},"end":{"line":44,"column":46}},"loc":{"start":{"line":44,"column":51},"end":{"line":44,"column":65}},"line":44},"7":{"name":"(anonymous_7)","decl":{"start":{"line":47,"column":27},"end":{"line":47,"column":28}},"loc":{"start":{"line":47,"column":48},"end":{"line":54,"column":5}},"line":47},"8":{"name":"(anonymous_8)","decl":{"start":{"line":57,"column":2},"end":{"line":57,"column":3}},"loc":{"start":{"line":57,"column":10},"end":{"line":61,"column":3}},"line":57},"9":{"name":"(anonymous_9)","decl":{"start":{"line":63,"column":2},"end":{"line":63,"column":3}},"loc":{"start":{"line":63,"column":9},"end":{"line":68,"column":3}},"line":63},"10":{"name":"loadingScreen","decl":{"start":{"line":72,"column":9},"end":{"line":72,"column":22}},"loc":{"start":{"line":72,"column":55},"end":{"line":98,"column":1}},"line":72},"11":{"name":"(anonymous_11)","decl":{"start":{"line":94,"column":12},"end":{"line":94,"column":13}},"loc":{"start":{"line":94,"column":18},"end":{"line":96,"column":5}},"line":94}},"branchMap":{"0":{"loc":{"start":{"line":48,"column":6},"end":{"line":53,"column":7}},"type":"if","locations":[{"start":{"line":48,"column":6},"end":{"line":53,"column":7}},{"start":{"line":50,"column":13},"end":{"line":53,"column":7}}],"line":48},"1":{"loc":{"start":{"line":58,"column":4},"end":{"line":60,"column":5}},"type":"if","locations":[{"start":{"line":58,"column":4},"end":{"line":60,"column":5}},{"start":{},"end":{}}],"line":58},"2":{"loc":{"start":{"line":64,"column":4},"end":{"line":67,"column":5}},"type":"if","locations":[{"start":{"line":64,"column":4},"end":{"line":67,"column":5}},{"start":{},"end":{}}],"line":64},"3":{"loc":{"start":{"line":72,"column":34},"end":{"line":72,"column":53}},"type":"default-arg","locations":[{"start":{"line":72,"column":41},"end":{"line":72,"column":53}}],"line":72}},"s":{"0":0,"1":0,"2":0,"3":0,"4":0,"5":0,"6":0,"7":0,"8":0,"9":0,"10":0,"11":0,"12":0,"13":0,"14":0,"15":0,"16":0,"17":0,"18":0,"19":0,"20":0,"21":0,"22":0,"23":0,"24":0,"25":0,"26":0,"27":0,"28":0,"29":0,"30":0,"31":0,"32":0,"33":0,"34":0,"35":0,"36":0,"37":0,"38":0,"39":0,"40":0},"f":{"0":0,"1":0,"2":0,"3":0,"4":0,"5":0,"6":0,"7":0,"8":0,"9":0,"10":0,"11":0},"b":{"0":[0,0],"1":[0,0],"2":[0,0],"3":[0]},"_coverageSchema":"1a1c01bbd47fc00a2c39e90264f33305004495a9","hash":"a3d0c56bf7508b7b80b15ed92415d24485ebd123"}
,"C:\\Users\\jhont\\Desktop\\portfolio-hacker\\src\\scripts\\logger.js": {"path":"C:\\Users\\jhont\\Desktop\\portfolio-hacker\\src\\scripts\\logger.js","statementMap":{"0":{"start":{"line":1,"column":22},"end":{"line":11,"column":1}},"1":{"start":{"line":3,"column":8},"end":{"line":3,"column":51}},"2":{"start":{"line":8,"column":8},"end":{"line":8,"column":50}}},"fnMap":{"0":{"name":"(anonymous_0)","decl":{"start":{"line":2,"column":4},"end":{"line":2,"column":5}},"loc":{"start":{"line":2,"column":26},"end":{"line":5,"column":5}},"line":2},"1":{"name":"(anonymous_1)","decl":{"start":{"line":7,"column":4},"end":{"line":7,"column":5}},"loc":{"start":{"line":7,"column":21},"end":{"line":10,"column":5}},"line":7}},"branchMap":{},"s":{"0":0,"1":0,"2":0},"f":{"0":0,"1":0},"b":{}}
,"C:\\Users\\jhont\\Desktop\\portfolio-hacker\\src\\scripts\\matrix-rain.js": {"path":"C:\\Users\\jhont\\Desktop\\portfolio-hacker\\src\\scripts\\matrix-rain.js","statementMap":{"0":{"start":{"line":3,"column":0},"end":{"line":58,"column":5}},"1":{"start":{"line":4,"column":17},"end":{"line":4,"column":49}},"2":{"start":{"line":5,"column":2},"end":{"line":5,"column":30}},"3":{"start":{"line":6,"column":2},"end":{"line":6,"column":34}},"4":{"start":{"line":7,"column":2},"end":{"line":7,"column":25}},"5":{"start":{"line":8,"column":2},"end":{"line":8,"column":26}},"6":{"start":{"line":9,"column":2},"end":{"line":9,"column":30}},"7":{"start":{"line":10,"column":2},"end":{"line":10,"column":31}},"8":{"start":{"line":11,"column":2},"end":{"line":11,"column":29}},"9":{"start":{"line":12,"column":2},"end":{"line":12,"column":41}},"10":{"start":{"line":13,"column":2},"end":{"line":13,"column":36}},"11":{"start":{"line":15,"column":14},"end":{"line":15,"column":37}},"12":{"start":{"line":17,"column":14},"end":{"line":17,"column":31}},"13":{"start":{"line":18,"column":15},"end":{"line":18,"column":33}},"14":{"start":{"line":19,"column":2},"end":{"line":19,"column":23}},"15":{"start":{"line":20,"column":2},"end":{"line":20,"column":25}},"16":{"start":{"line":22,"column":18},"end":{"line":22,"column":138}},"17":{"start":{"line":23,"column":19},"end":{"line":23,"column":21}},"18":{"start":{"line":24,"column":18},"end":{"line":24,"column":46}},"19":{"start":{"line":25,"column":16},"end":{"line":25,"column":42}},"20":{"start":{"line":28,"column":4},"end":{"line":28,"column":42}},"21":{"start":{"line":29,"column":4},"end":{"line":29,"column":38}},"22":{"start":{"line":31,"column":4},"end":{"line":31,"column":27}},"23":{"start":{"line":32,"column":4},"end":{"line":32,"column":41}},"24":{"start":{"line":34,"column":4},"end":{"line":42,"column":5}},"25":{"start":{"line":34,"column":17},"end":{"line":34,"column":18}},"26":{"start":{"line":35,"column":19},"end":{"line":35,"column":77}},"27":{"start":{"line":36,"column":6},"end":{"line":36,"column":60}},"28":{"start":{"line":38,"column":6},"end":{"line":40,"column":7}},"29":{"start":{"line":39,"column":8},"end":{"line":39,"column":21}},"30":{"start":{"line":41,"column":6},"end":{"line":41,"column":17}},"31":{"start":{"line":46,"column":4},"end":{"line":46,"column":11}},"32":{"start":{"line":47,"column":4},"end":{"line":47,"column":35}},"33":{"start":{"line":50,"column":2},"end":{"line":50,"column":12}},"34":{"start":{"line":52,"column":2},"end":{"line":57,"column":5}},"35":{"start":{"line":53,"column":4},"end":{"line":53,"column":30}},"36":{"start":{"line":54,"column":4},"end":{"line":54,"column":32}},"37":{"start":{"line":55,"column":4},"end":{"line":55,"column":25}},"38":{"start":{"line":56,"column":4},"end":{"line":56,"column":27}}},"fnMap":{"0":{"name":"(anonymous_0)","decl":{"start":{"line":3,"column":1},"end":{"line":3,"column":2}},"loc":{"start":{"line":3,"column":12},"end":{"line":58,"column":1}},"line":3},"1":{"name":"draw","decl":{"start":{"line":27,"column":11},"end":{"line":27,"column":15}},"loc":{"start":{"line":27,"column":18},"end":{"line":43,"column":3}},"line":27},"2":{"name":"animate","decl":{"start":{"line":45,"column":11},"end":{"line":45,"column":18}},"loc":{"start":{"line":45,"column":21},"end":{"line":48,"column":3}},"line":45},"3":{"name":"(anonymous_3)","decl":{"start":{"line":52,"column":36},"end":{"line":52,"column":37}},"loc":{"start":{"line":52,"column":42},"end":{"line":57,"column":3}},"line":52}},"branchMap":{"0":{"loc":{"start":{"line":38,"column":6},"end":{"line":40,"column":7}},"type":"if","locations":[{"start":{"line":38,"column":6},"end":{"line":40,"column":7}},{"start":{},"end":{}}],"line":38},"1":{"loc":{"start":{"line":38,"column":10},"end":{"line":38,"column":63}},"type":"binary-expr","locations":[{"start":{"line":38,"column":10},"end":{"line":38,"column":38}},{"start":{"line":38,"column":42},"end":{"line":38,"column":63}}],"line":38}},"s":{"0":0,"1":0,"2":0,"3":0,"4":0,"5":0,"6":0,"7":0,"8":0,"9":0,"10":0,"11":0,"12":0,"13":0,"14":0,"15":0,"16":0,"17":0,"18":0,"19":0,"20":0,"21":0,"22":0,"23":0,"24":0,"25":0,"26":0,"27":0,"28":0,"29":0,"30":0,"31":0,"32":0,"33":0,"34":0,"35":0,"36":0,"37":0,"38":0},"f":{"0":0,"1":0,"2":0,"3":0},"b":{"0":[0,0],"1":[0,0]}}
,"C:\\Users\\jhont\\Desktop\\portfolio-hacker\\src\\scripts\\terminal-commands.js": {"path":"C:\\Users\\jhont\\Desktop\\portfolio-hacker\\src\\scripts\\terminal-commands.js","statementMap":{},"fnMap":{"0":{"name":"executeCommand","decl":{"start":{"line":3,"column":9},"end":{"line":3,"column":23}},"loc":{"start":{"line":3,"column":33},"end":{"line":5,"column":1}},"line":3}},"branchMap":{},"s":{},"f":{"0":0},"b":{}}
}
