TN:
SF:src\components\Footer.js
FNF:0
FNH:0
LF:0
LH:0
BRF:0
BRH:0
end_of_record
TN:
SF:src\components\HackerCard.js
FNF:0
FNH:0
LF:0
LH:0
BRF:0
BRH:0
end_of_record
TN:
SF:src\components\Header.js
FN:3,(anonymous_0)
FNF:1
FNH:1
FNDA:1,(anonymous_0)
DA:3,1
DA:4,1
LF:2
LH:2
BRF:0
BRH:0
end_of_record
TN:
SF:src\components\MatrixRain.js
FN:3,(anonymous_0)
FN:7,(anonymous_1)
FN:21,(anonymous_2)
FN:39,(anonymous_3)
FN:46,(anonymous_4)
FN:55,(anonymous_5)
FNF:6
FNH:0
FNDA:0,(anonymous_0)
FNDA:0,(anonymous_1)
FNDA:0,(anonymous_2)
FNDA:0,(anonymous_3)
FNDA:0,(anonymous_4)
FNDA:0,(anonymous_5)
DA:3,0
DA:4,0
DA:5,0
DA:7,0
DA:8,0
DA:9,0
DA:11,0
DA:12,0
DA:13,0
DA:14,0
DA:16,0
DA:17,0
DA:18,0
DA:19,0
DA:21,0
DA:22,0
DA:23,0
DA:25,0
DA:26,0
DA:28,0
DA:29,0
DA:30,0
DA:32,0
DA:33,0
DA:35,0
DA:39,0
DA:40,0
DA:41,0
DA:44,0
DA:46,0
DA:47,0
DA:48,0
DA:49,0
DA:50,0
DA:53,0
DA:55,0
DA:56,0
DA:57,0
DA:61,0
LF:39
LH:0
BRDA:32,0,0,0
BRDA:32,0,1,0
BRDA:32,1,0,0
BRDA:32,1,1,0
BRF:4
BRH:0
end_of_record
TN:
SF:src\components\Navigation.js
FNF:0
FNH:0
LF:0
LH:0
BRF:0
BRH:0
end_of_record
TN:
SF:src\components\Terminal.js
FNF:0
FNH:0
LF:0
LH:0
BRF:0
BRH:0
end_of_record
TN:
SF:src\pages\About.js
FNF:0
FNH:0
LF:0
LH:0
BRF:0
BRH:0
end_of_record
TN:
SF:src\pages\Certifications.js
FNF:0
FNH:0
LF:0
LH:0
BRF:0
BRH:0
end_of_record
TN:
SF:src\pages\Contact.js
FNF:0
FNH:0
LF:0
LH:0
BRF:0
BRH:0
end_of_record
TN:
SF:src\pages\HackingTools.js
FNF:0
FNH:0
LF:0
LH:0
BRF:0
BRH:0
end_of_record
TN:
SF:src\pages\Home.js
FNF:0
FNH:0
LF:0
LH:0
BRF:0
BRH:0
end_of_record
TN:
SF:src\pages\Projects.js
FNF:0
FNH:0
LF:0
LH:0
BRF:0
BRH:0
end_of_record
TN:
SF:src\pages\Skills.js
FNF:0
FNH:0
LF:0
LH:0
BRF:0
BRH:0
end_of_record
TN:
SF:src\scripts\adminPanel.js
FN:6,(anonymous_0)
FN:10,(anonymous_1)
FN:18,(anonymous_2)
FNF:3
FNH:0
FNDA:0,(anonymous_0)
FNDA:0,(anonymous_1)
FNDA:0,(anonymous_2)
DA:3,0
DA:7,0
DA:8,0
DA:9,0
DA:10,0
DA:11,0
DA:13,0
DA:14,0
DA:19,0
DA:20,0
DA:21,0
DA:23,0
DA:24,0
LF:13
LH:0
BRF:0
BRH:0
end_of_record
TN:
SF:src\scripts\auth.js
FN:9,monitorAuthState
FN:10,(anonymous_1)
FN:16,login
FN:27,logout
FNF:4
FNH:4
FNDA:1,monitorAuthState
FNDA:1,(anonymous_1)
FNDA:2,login
FNDA:1,logout
DA:5,1
DA:10,1
DA:11,1
DA:17,2
DA:18,2
DA:19,1
DA:21,1
DA:22,1
DA:28,1
DA:29,1
DA:30,1
DA:32,0
DA:33,0
LF:13
LH:11
BRF:0
BRH:0
end_of_record
TN:
SF:src\scripts\authService.js
FN:7,(anonymous_0)
FN:11,(anonymous_1)
FNF:2
FNH:0
FNDA:0,(anonymous_0)
FNDA:0,(anonymous_1)
DA:4,0
DA:6,0
DA:8,0
DA:12,0
DA:13,0
DA:14,0
DA:16,0
DA:17,0
LF:8
LH:0
BRF:0
BRH:0
end_of_record
TN:
SF:src\scripts\custom-scripts.js
FN:17,(anonymous_0)
FN:29,(anonymous_1)
FN:32,(anonymous_2)
FN:39,(anonymous_3)
FN:46,(anonymous_4)
FN:63,(anonymous_5)
FN:69,(anonymous_6)
FN:90,(anonymous_7)
FN:103,(anonymous_8)
FN:119,(anonymous_9)
FN:139,(anonymous_10)
FN:146,(anonymous_11)
FN:147,(anonymous_12)
FN:153,(anonymous_13)
FN:158,(anonymous_14)
FN:160,(anonymous_15)
FN:161,(anonymous_16)
FN:169,(anonymous_17)
FN:183,(anonymous_18)
FN:195,(anonymous_19)
FN:211,(anonymous_20)
FN:217,(anonymous_21)
FN:218,(anonymous_22)
FN:224,(anonymous_23)
FN:256,(anonymous_24)
FN:269,(anonymous_25)
FN:272,(anonymous_26)
FN:285,(anonymous_27)
FN:288,(anonymous_28)
FN:303,(anonymous_29)
FN:327,(anonymous_30)
FN:334,(anonymous_31)
FN:335,(anonymous_32)
FN:339,(anonymous_33)
FN:347,(anonymous_34)
FN:349,(anonymous_35)
FN:350,(anonymous_36)
FNF:37
FNH:0
FNDA:0,(anonymous_0)
FNDA:0,(anonymous_1)
FNDA:0,(anonymous_2)
FNDA:0,(anonymous_3)
FNDA:0,(anonymous_4)
FNDA:0,(anonymous_5)
FNDA:0,(anonymous_6)
FNDA:0,(anonymous_7)
FNDA:0,(anonymous_8)
FNDA:0,(anonymous_9)
FNDA:0,(anonymous_10)
FNDA:0,(anonymous_11)
FNDA:0,(anonymous_12)
FNDA:0,(anonymous_13)
FNDA:0,(anonymous_14)
FNDA:0,(anonymous_15)
FNDA:0,(anonymous_16)
FNDA:0,(anonymous_17)
FNDA:0,(anonymous_18)
FNDA:0,(anonymous_19)
FNDA:0,(anonymous_20)
FNDA:0,(anonymous_21)
FNDA:0,(anonymous_22)
FNDA:0,(anonymous_23)
FNDA:0,(anonymous_24)
FNDA:0,(anonymous_25)
FNDA:0,(anonymous_26)
FNDA:0,(anonymous_27)
FNDA:0,(anonymous_28)
FNDA:0,(anonymous_29)
FNDA:0,(anonymous_30)
FNDA:0,(anonymous_31)
FNDA:0,(anonymous_32)
FNDA:0,(anonymous_33)
FNDA:0,(anonymous_34)
FNDA:0,(anonymous_35)
FNDA:0,(anonymous_36)
DA:1,0
DA:12,0
DA:13,0
DA:18,0
DA:19,0
DA:20,0
DA:21,0
DA:22,0
DA:23,0
DA:25,0
DA:26,0
DA:27,0
DA:29,0
DA:33,0
DA:34,0
DA:35,0
DA:36,0
DA:40,0
DA:41,0
DA:42,0
DA:47,0
DA:48,0
DA:50,0
DA:51,0
DA:53,0
DA:54,0
DA:55,0
DA:57,0
DA:58,0
DA:60,0
DA:63,0
DA:70,0
DA:71,0
DA:72,0
DA:87,0
DA:91,0
DA:93,0
DA:94,0
DA:95,0
DA:96,0
DA:97,0
DA:100,0
DA:104,0
DA:105,0
DA:106,0
DA:108,0
DA:109,0
DA:111,0
DA:112,0
DA:113,0
DA:116,0
DA:120,0
DA:121,0
DA:122,0
DA:124,0
DA:126,0
DA:127,0
DA:128,0
DA:129,0
DA:130,0
DA:131,0
DA:134,0
DA:135,0
DA:140,0
DA:141,0
DA:142,0
DA:143,0
DA:147,0
DA:154,0
DA:155,0
DA:159,0
DA:160,0
DA:161,0
DA:162,0
DA:163,0
DA:164,0
DA:171,0
DA:172,0
DA:173,0
DA:177,0
DA:178,0
DA:179,0
DA:183,0
DA:184,0
DA:187,0
DA:189,0
DA:192,0
DA:196,0
DA:197,0
DA:204,0
DA:212,0
DA:213,0
DA:214,0
DA:218,0
DA:219,0
DA:220,0
DA:225,0
DA:235,0
DA:236,0
DA:237,0
DA:238,0
DA:240,0
DA:242,0
DA:243,0
DA:244,0
DA:247,0
DA:248,0
DA:250,0
DA:251,0
DA:252,0
DA:257,0
DA:258,0
DA:266,0
DA:268,0
DA:269,0
DA:273,0
DA:274,0
DA:282,0
DA:284,0
DA:285,0
DA:289,0
DA:290,0
DA:295,0
DA:297,0
DA:298,0
DA:299,0
DA:302,0
DA:303,0
DA:304,0
DA:305,0
DA:307,0
DA:316,0
DA:319,0
DA:320,0
DA:327,0
DA:328,0
DA:329,0
DA:330,0
DA:331,0
DA:334,0
DA:335,0
DA:336,0
DA:339,0
DA:340,0
DA:346,0
DA:347,0
DA:348,0
DA:349,0
DA:350,0
LF:149
LH:0
BRDA:57,0,0,0
BRDA:57,0,1,0
BRDA:57,1,0,0
BRDA:57,1,1,0
BRDA:128,2,0,0
BRDA:128,2,1,0
BRDA:172,3,0,0
BRDA:172,3,1,0
BRDA:178,4,0,0
BRDA:178,4,1,0
BRDA:297,5,0,0
BRDA:297,5,1,0
BRDA:305,6,0,0
BRDA:305,6,1,0
BRDA:309,7,0,0
BRDA:309,7,1,0
BRDA:310,8,0,0
BRDA:310,8,1,0
BRDA:346,9,0,0
BRDA:346,9,1,0
BRF:20
BRH:0
end_of_record
TN:
SF:src\scripts\database.js
FN:9,addProject
FN:24,getFeaturedProjects
FN:34,(anonymous_2)
FN:45,getSkills
FN:49,(anonymous_4)
FN:60,getCertifications
FN:64,(anonymous_6)
FN:75,logAnalytics
FNF:8
FNH:0
FNDA:0,addProject
FNDA:0,getFeaturedProjects
FNDA:0,(anonymous_2)
FNDA:0,getSkills
FNDA:0,(anonymous_4)
FNDA:0,getCertifications
FNDA:0,(anonymous_6)
FNDA:0,logAnalytics
DA:5,1
DA:10,0
DA:11,0
DA:16,0
DA:18,0
DA:19,0
DA:25,0
DA:26,0
DA:32,0
DA:33,0
DA:34,0
DA:35,0
DA:37,0
DA:39,0
DA:40,0
DA:46,0
DA:47,0
DA:48,0
DA:49,0
DA:50,0
DA:52,0
DA:54,0
DA:55,0
DA:61,0
DA:62,0
DA:63,0
DA:64,0
DA:65,0
DA:67,0
DA:69,0
DA:70,0
DA:76,0
DA:77,0
DA:82,0
LF:34
LH:1
BRDA:14,0,0,0
BRDA:14,0,1,0
BRDA:24,1,0,0
BRF:3
BRH:0
end_of_record
TN:
SF:src\scripts\firebase-config.js
FN:38,(anonymous_0)
FN:70,(anonymous_1)
FN:90,(anonymous_2)
FN:140,(anonymous_3)
FN:160,(anonymous_4)
FN:192,(anonymous_5)
FN:213,(anonymous_6)
FN:236,(anonymous_7)
FNF:8
FNH:7
FNDA:6,(anonymous_0)
FNDA:6,(anonymous_1)
FNDA:2,(anonymous_2)
FNDA:1,(anonymous_3)
FNDA:0,(anonymous_4)
FNDA:1,(anonymous_5)
FNDA:1,(anonymous_6)
FNDA:2,(anonymous_7)
DA:39,6
DA:40,6
DA:41,6
DA:46,1
DA:56,1
DA:63,1
DA:64,1
DA:65,1
DA:68,1
DA:71,6
DA:72,6
DA:73,17
DA:74,1
DA:81,5
DA:82,1
DA:91,2
DA:93,2
DA:94,0
DA:101,2
DA:108,2
DA:110,1
DA:119,1
DA:124,1
DA:131,1
DA:132,1
DA:141,1
DA:143,1
DA:144,1
DA:146,1
DA:147,1
DA:153,1
DA:158,0
DA:160,0
DA:161,0
DA:162,0
DA:170,0
DA:182,1
DA:183,1
DA:193,1
DA:194,1
DA:196,1
DA:197,1
DA:200,0
DA:203,1
DA:204,1
DA:214,1
DA:215,1
DA:224,1
DA:230,0
DA:237,2
DA:238,2
DA:239,0
DA:240,0
DA:242,2
DA:248,1
LF:55
LH:45
BRDA:73,0,0,1
BRDA:73,0,1,16
BRDA:81,1,0,1
BRDA:81,1,1,4
BRDA:93,2,0,0
BRDA:93,2,1,2
BRDA:93,3,0,2
BRDA:93,3,1,2
BRDA:102,4,0,2
BRDA:102,4,1,1
BRDA:103,5,0,2
BRDA:103,5,1,1
BRDA:104,6,0,2
BRDA:104,6,1,1
BRDA:105,7,0,0
BRDA:105,7,1,2
BRDA:134,8,0,1
BRDA:134,8,1,0
BRDA:140,9,0,0
BRDA:140,10,0,0
BRDA:143,11,0,0
BRDA:143,11,1,1
BRDA:144,12,0,0
BRDA:144,12,1,1
BRDA:165,13,0,0
BRDA:165,13,1,0
BRDA:185,14,0,1
BRDA:185,14,1,0
BRDA:196,15,0,1
BRDA:196,15,1,0
BRDA:200,16,0,0
BRDA:200,16,1,0
BRF:32
BRH:19
end_of_record
TN:
SF:src\scripts\hacker-effects.js
FN:5,(anonymous_0)
FN:14,(anonymous_1)
FN:24,(anonymous_2)
FN:32,(anonymous_3)
FN:39,(anonymous_4)
FN:43,(anonymous_5)
FN:44,(anonymous_6)
FN:47,(anonymous_7)
FN:57,(anonymous_8)
FN:63,(anonymous_9)
FN:72,loadingScreen
FN:94,(anonymous_11)
FNF:12
FNH:0
FNDA:0,(anonymous_0)
FNDA:0,(anonymous_1)
FNDA:0,(anonymous_2)
FNDA:0,(anonymous_3)
FNDA:0,(anonymous_4)
FNDA:0,(anonymous_5)
FNDA:0,(anonymous_6)
FNDA:0,(anonymous_7)
FNDA:0,(anonymous_8)
FNDA:0,(anonymous_9)
FNDA:0,loadingScreen
FNDA:0,(anonymous_11)
DA:6,0
DA:7,0
DA:8,0
DA:9,0
DA:10,0
DA:11,0
DA:15,0
DA:16,0
DA:17,0
DA:18,0
DA:19,0
DA:20,0
DA:21,0
DA:25,0
DA:26,0
DA:27,0
DA:33,0
DA:34,0
DA:35,0
DA:36,0
DA:40,0
DA:44,0
DA:45,0
DA:47,0
DA:48,0
DA:49,0
DA:51,0
DA:52,0
DA:58,0
DA:59,0
DA:64,0
DA:65,0
DA:66,0
DA:73,0
DA:74,0
DA:75,0
DA:91,0
DA:92,0
DA:93,0
DA:95,0
LF:40
LH:0
BRDA:48,0,0,0
BRDA:48,0,1,0
BRDA:58,1,0,0
BRDA:58,1,1,0
BRDA:64,2,0,0
BRDA:64,2,1,0
BRDA:72,3,0,0
BRF:7
BRH:0
end_of_record
TN:
SF:src\scripts\logger.js
FN:2,(anonymous_0)
FN:7,(anonymous_1)
FNF:2
FNH:0
FNDA:0,(anonymous_0)
FNDA:0,(anonymous_1)
DA:1,0
DA:3,0
DA:8,0
LF:3
LH:0
BRF:0
BRH:0
end_of_record
TN:
SF:src\scripts\matrix-rain.js
FN:3,(anonymous_0)
FN:27,draw
FN:45,animate
FN:52,(anonymous_3)
FNF:4
FNH:0
FNDA:0,(anonymous_0)
FNDA:0,draw
FNDA:0,animate
FNDA:0,(anonymous_3)
DA:3,0
DA:4,0
DA:5,0
DA:6,0
DA:7,0
DA:8,0
DA:9,0
DA:10,0
DA:11,0
DA:12,0
DA:13,0
DA:15,0
DA:17,0
DA:18,0
DA:19,0
DA:20,0
DA:22,0
DA:23,0
DA:24,0
DA:25,0
DA:28,0
DA:29,0
DA:31,0
DA:32,0
DA:34,0
DA:35,0
DA:36,0
DA:38,0
DA:39,0
DA:41,0
DA:46,0
DA:47,0
DA:50,0
DA:52,0
DA:53,0
DA:54,0
DA:55,0
DA:56,0
LF:38
LH:0
BRDA:38,0,0,0
BRDA:38,0,1,0
BRDA:38,1,0,0
BRDA:38,1,1,0
BRF:4
BRH:0
end_of_record
TN:
SF:src\scripts\terminal-commands.js
FN:3,executeCommand
FNF:1
FNH:0
FNDA:0,executeCommand
LF:0
LH:0
BRF:0
BRH:0
end_of_record
